# JRE version: OpenJDK Runtime Environment (8.0_302-b08) (build 1.8.0_302-b08)
# Java VM: OpenJDK 64-Bit Server VM (25.302-b08 mixed mode windows-amd64 compressed oops)
Heap:
 PSYoungGen      total 145920K, used 145888K [0x00000000f5580000, 0x0000000100000000, 0x0000000100000000)
  eden space 119296K, 100% used [0x00000000f5580000,0x00000000fca00000,0x00000000fca00000)
  from space 26624K, 99% used [0x00000000fca00000,0x00000000fe3f8030,0x00000000fe400000)
  to   space 28672K, 23% used [0x00000000fe400000,0x00000000fea98000,0x0000000100000000)
 ParOldGen       total 175104K, used 119682K [0x00000000e0000000, 0x00000000eab00000, 0x00000000f5580000)
  object space 175104K, 68% used [0x00000000e0000000,0x00000000e74e08d0,0x00000000eab00000)
 Metaspace       used 93798K, capacity 96661K, committed 96856K, reserved 1132544K
  class space    used 12489K, capacity 13069K, committed 13184K, reserved 1048576K
GC Heap History (10 events):
Event: 58.177 GC heap after
Heap after GC invocations=14 (full 3):
 PSYoungGen      total 144384K, used 11213K [0x00000000f5580000, 0x0000000100000000, 0x0000000100000000)
  eden space 114176K, 0% used [0x00000000f5580000,0x00000000f5580000,0x00000000fc500000)
  from space 30208K, 37% used [0x00000000fc500000,0x00000000fcff3450,0x00000000fe280000)
  to   space 29696K, 0% used [0x00000000fe300000,0x00000000fe300000,0x0000000100000000)
 ParOldGen       total 175104K, used 63680K [0x00000000e0000000, 0x00000000eab00000, 0x00000000f5580000)
  object space 175104K, 36% used [0x00000000e0000000,0x00000000e3e30388,0x00000000eab00000)
 Metaspace       used 74571K, capacity 76755K, committed 77272K, reserved 1116160K
  class space    used 10213K, capacity 10674K, committed 10752K, reserved 1048576K
}
Event: 60.181 GC heap before
{Heap before GC invocations=15 (full 3):
 PSYoungGen      total 144384K, used 125389K [0x00000000f5580000, 0x0000000100000000, 0x0000000100000000)
  eden space 114176K, 100% used [0x00000000f5580000,0x00000000fc500000,0x00000000fc500000)
  from space 30208K, 37% used [0x00000000fc500000,0x00000000fcff3450,0x00000000fe280000)
  to   space 29696K, 0% used [0x00000000fe300000,0x00000000fe300000,0x0000000100000000)
 ParOldGen       total 175104K, used 63680K [0x00000000e0000000, 0x00000000eab00000, 0x00000000f5580000)
  object space 175104K, 36% used [0x00000000e0000000,0x00000000e3e30388,0x00000000eab00000)
 Metaspace       used 80994K, capacity 83299K, committed 83928K, reserved 1122304K
  class space    used 11141K, capacity 11650K, committed 11776K, reserved 1048576K
Event: 60.193 GC heap after
Heap after GC invocations=15 (full 3):
 PSYoungGen      total 140800K, used 13643K [0x00000000f5580000, 0x00000000ffc80000, 0x0000000100000000)
  eden space 114688K, 0% used [0x00000000f5580000,0x00000000f5580000,0x00000000fc580000)
  from space 26112K, 52% used [0x00000000fe300000,0x00000000ff052f98,0x00000000ffc80000)
  to   space 28160K, 0% used [0x00000000fc580000,0x00000000fc580000,0x00000000fe100000)
 ParOldGen       total 175104K, used 67772K [0x00000000e0000000, 0x00000000eab00000, 0x00000000f5580000)
  object space 175104K, 38% used [0x00000000e0000000,0x00000000e422f2f8,0x00000000eab00000)
 Metaspace       used 80994K, capacity 83299K, committed 83928K, reserved 1122304K
  class space    used 11141K, capacity 11650K, committed 11776K, reserved 1048576K
}
Event: 61.641 GC heap before
{Heap before GC invocations=16 (full 3):
 PSYoungGen      total 140800K, used 128331K [0x00000000f5580000, 0x00000000ffc80000, 0x0000000100000000)
  eden space 114688K, 100% used [0x00000000f5580000,0x00000000fc580000,0x00000000fc580000)
  from space 26112K, 52% used [0x00000000fe300000,0x00000000ff052f98,0x00000000ffc80000)
  to   space 28160K, 0% used [0x00000000fc580000,0x00000000fc580000,0x00000000fe100000)
 ParOldGen       total 175104K, used 67772K [0x00000000e0000000, 0x00000000eab00000, 0x00000000f5580000)
  object space 175104K, 38% used [0x00000000e0000000,0x00000000e422f2f8,0x00000000eab00000)
 Metaspace       used 88956K, capacity 91473K, committed 91864K, reserved 1128448K
  class space    used 11947K, capacity 12533K, committed 12544K, reserved 1048576K
Event: 61.678 GC heap after
Heap after GC invocations=16 (full 3):
 PSYoungGen      total 142848K, used 12450K [0x00000000f5580000, 0x0000000100000000, 0x0000000100000000)
  eden space 114688K, 0% used [0x00000000f5580000,0x00000000f5580000,0x00000000fc580000)
  from space 28160K, 44% used [0x00000000fc580000,0x00000000fd1a8b08,0x00000000fe100000)
  to   space 27136K, 0% used [0x00000000fe580000,0x00000000fe580000,0x0000000100000000)
 ParOldGen       total 175104K, used 74735K [0x00000000e0000000, 0x00000000eab00000, 0x00000000f5580000)
  object space 175104K, 42% used [0x00000000e0000000,0x00000000e48fbff0,0x00000000eab00000)
 Metaspace       used 88956K, capacity 91473K, committed 91864K, reserved 1128448K
  class space    used 11947K, capacity 12533K, committed 12544K, reserved 1048576K
}
Event: 65.582 GC heap before
{Heap before GC invocations=17 (full 3):
 PSYoungGen      total 142848K, used 127138K [0x00000000f5580000, 0x0000000100000000, 0x0000000100000000)
  eden space 114688K, 100% used [0x00000000f5580000,0x00000000fc580000,0x00000000fc580000)
  from space 28160K, 44% used [0x00000000fc580000,0x00000000fd1a8b08,0x00000000fe100000)
  to   space 27136K, 0% used [0x00000000fe580000,0x00000000fe580000,0x0000000100000000)
 ParOldGen       total 175104K, used 74735K [0x00000000e0000000, 0x00000000eab00000, 0x00000000f5580000)
  object space 175104K, 42% used [0x00000000e0000000,0x00000000e48fbff0,0x00000000eab00000)
 Metaspace       used 92753K, capacity 95505K, committed 95960K, reserved 1132544K
  class space    used 12410K, capacity 12997K, committed 13056K, reserved 1048576K
Event: 65.589 GC heap after
Heap after GC invocations=17 (full 3):
 PSYoungGen      total 144384K, used 12441K [0x00000000f5580000, 0x00000000ffe00000, 0x0000000100000000)
  eden space 119296K, 0% used [0x00000000f5580000,0x00000000f5580000,0x00000000fca00000)
  from space 25088K, 49% used [0x00000000fe580000,0x00000000ff1a66b0,0x00000000ffe00000)
  to   space 26624K, 0% used [0x00000000fca00000,0x00000000fca00000,0x00000000fe400000)
 ParOldGen       total 175104K, used 79174K [0x00000000e0000000, 0x00000000eab00000, 0x00000000f5580000)
  object space 175104K, 45% used [0x00000000e0000000,0x00000000e4d51818,0x00000000eab00000)
 Metaspace       used 92753K, capacity 95505K, committed 95960K, reserved 1132544K
  class space    used 12410K, capacity 12997K, committed 13056K, reserved 1048576K
}
Event: 66.087 GC heap before
{Heap before GC invocations=18 (full 3):
 PSYoungGen      total 144384K, used 131737K [0x00000000f5580000, 0x00000000ffe00000, 0x0000000100000000)
  eden space 119296K, 100% used [0x00000000f5580000,0x00000000fca00000,0x00000000fca00000)
  from space 25088K, 49% used [0x00000000fe580000,0x00000000ff1a66b0,0x00000000ffe00000)
  to   space 26624K, 0% used [0x00000000fca00000,0x00000000fca00000,0x00000000fe400000)
 ParOldGen       total 175104K, used 79174K [0x00000000e0000000, 0x00000000eab00000, 0x00000000f5580000)
  object space 175104K, 45% used [0x00000000e0000000,0x00000000e4d51818,0x00000000eab00000)
 Metaspace       used 93446K, capacity 96241K, committed 96600K, reserved 1132544K
  class space    used 12484K, capacity 13065K, committed 13184K, reserved 1048576K
Event: 66.101 GC heap after
Heap after GC invocations=18 (full 3):
 PSYoungGen      total 145920K, used 26592K [0x00000000f5580000, 0x0000000100000000, 0x0000000100000000)
  eden space 119296K, 0% used [0x00000000f5580000,0x00000000f5580000,0x00000000fca00000)
  from space 26624K, 99% used [0x00000000fca00000,0x00000000fe3f8030,0x00000000fe400000)
  to   space 28672K, 0% used [0x00000000fe400000,0x00000000fe400000,0x0000000100000000)
 ParOldGen       total 175104K, used 94031K [0x00000000e0000000, 0x00000000eab00000, 0x00000000f5580000)
  object space 175104K, 53% used [0x00000000e0000000,0x00000000e5bd3f68,0x00000000eab00000)
 Metaspace       used 93446K, capacity 96241K, committed 96600K, reserved 1132544K
  class space    used 12484K, capacity 13065K, committed 13184K, reserved 1048576K
}
Event: 67.071 GC heap before
{Heap before GC invocations=19 (full 3):
 PSYoungGen      total 145920K, used 145888K [0x00000000f5580000, 0x0000000100000000, 0x0000000100000000)
  eden space 119296K, 100% used [0x00000000f5580000,0x00000000fca00000,0x00000000fca00000)
  from space 26624K, 99% used [0x00000000fca00000,0x00000000fe3f8030,0x00000000fe400000)
  to   space 28672K, 0% used [0x00000000fe400000,0x00000000fe400000,0x0000000100000000)
 ParOldGen       total 175104K, used 94031K [0x00000000e0000000, 0x00000000eab00000, 0x00000000f5580000)
  object space 175104K, 53% used [0x00000000e0000000,0x00000000e5bd3f68,0x00000000eab00000)
 Metaspace       used 93798K, capacity 96661K, committed 96856K, reserved 1132544K
  class space    used 12489K, capacity 13069K, committed 13184K, reserved 1048576K

